2024-10-17 15:33:15,922 INFO: Application startup [in D:\pintechs\slips-data-import\slips_data_svc.py:30]
2024-10-17 15:35:50,329 INFO: Application startup [in D:\pintechs\slips-data-import\slips_data_svc.py:30]
2024-10-17 15:35:51,608 INFO: Application startup [in D:\pintechs\slips-data-import\slips_data_svc.py:30]
2024-10-17 15:46:01,829 INFO: Application startup [in D:\pintechs\slips-data-import\slips_data_svc.py:30]
2024-10-17 15:46:27,341 INFO: Application startup [in D:\pintechs\slips-data-import\slips_data_svc.py:30]
2024-10-17 17:01:47,594 INFO: Application startup [in D:\pintechs\slips-data-import\slips_data_svc.py:32]
2024-10-17 17:12:43,786 INFO: Application startup [in D:\pintechs\slips-data-import\slips_data_svc.py:32]
2024-10-17 17:13:18,308 INFO: Application startup [in D:\pintechs\slips-data-import\slips_data_svc.py:32]
2024-10-17 17:18:59,964 INFO: Application startup [in D:\pintechs\slips-data-import\slips_data_svc.py:32]
2024-10-17 17:28:44,039 INFO: Application startup [in D:\pintechs\slips-data-import\slips_data_svc.py:32]
2024-10-17 17:31:22,822 INFO: Application startup [in D:\pintechs\slips-data-import\slips_data_svc.py:32]
2024-10-17 17:40:50,774 INFO: Application startup [in D:\pintechs\slips-data-import\slips_data_svc.py:32]
2024-10-17 17:42:46,546 INFO: Application startup [in D:\pintechs\slips-data-import\slips_data_svc.py:32]
2024-10-17 17:47:54,903 INFO: Application startup [in D:\pintechs\slips-data-import\slips_data_svc.py:32]
2024-10-17 17:54:50,520 INFO: Application startup [in D:\pintechs\slips-data-import\slips_data_svc.py:32]
2024-10-17 17:54:54,031 INFO: Application startup [in D:\pintechs\slips-data-import\slips_data_svc.py:32]
2024-10-17 17:59:58,395 INFO: Application startup [in D:\pintechs\slips-data-import\slips_data_svc.py:32]
2024-10-17 18:02:10,376 INFO: Application startup [in D:\pintechs\slips-data-import\slips_data_svc.py:32]
2024-10-17 18:02:38,906 INFO: Application startup [in D:\pintechs\slips-data-import\slips_data_svc.py:32]
2024-10-17 18:03:16,398 INFO: Application startup [in D:\pintechs\slips-data-import\slips_data_svc.py:32]
2024-10-17 18:03:46,868 INFO: Application startup [in D:\pintechs\slips-data-import\slips_data_svc.py:32]
2024-10-18 09:50:22,180 INFO: Application startup [in D:\pintechs\slips-data-import\slips_data_svc.py:32]
2024-10-22 15:48:29,140 INFO: Application startup [in /mnt/d/pintechs/slips-data-import/slips_data_svc.py:33]
2024-10-22 15:48:30,098 INFO: Application startup [in /mnt/d/pintechs/slips-data-import/slips_data_svc.py:33]
2024-10-22 15:52:42,093 WARNING: Invalid file type [in /mnt/d/pintechs/slips-data-import/slips_data_svc.py:67]
2024-10-22 15:55:58,465 ERROR: Error storage data from file 10.22.zip: [Errno 13] Permission denied: '/home/slips/data/config/history/s1_plan_history' [in /mnt/d/pintechs/slips-data-import/slips_data_svc.py:63]
2024-10-22 16:01:08,690 INFO: Application startup [in /mnt/d/pintechs/slips-data-import/slips_data_svc.py:33]
2024-10-22 16:01:09,459 INFO: Application startup [in /mnt/d/pintechs/slips-data-import/slips_data_svc.py:33]
2024-10-22 16:01:17,730 ERROR: Error storage data from file 10.22.zip: [Errno 13] Permission denied: '/home/slips/data/config/history/s1_plan_history/10.22' [in /mnt/d/pintechs/slips-data-import/slips_data_svc.py:63]
2024-10-22 16:02:59,039 INFO: Application startup [in /mnt/d/pintechs/slips-data-import/slips_data_svc.py:33]
2024-10-22 16:02:59,796 INFO: Application startup [in /mnt/d/pintechs/slips-data-import/slips_data_svc.py:33]
2024-10-22 16:03:32,943 INFO: Processing folder ['10.22'] in /home/slips/data/config/history/s1_plan_history [in /mnt/d/pintechs/slips-data-import/slips_data_svc.py:78]
2024-10-22 16:03:32,951 INFO: Processing folder [] in /home/slips/data/config/history/s1_plan_history/10.22 [in /mnt/d/pintechs/slips-data-import/slips_data_svc.py:78]
2024-10-22 16:10:45,507 INFO: Application startup [in /mnt/d/pintechs/slips-data-import/slips_data_svc.py:33]
2024-10-22 16:10:46,225 INFO: Application startup [in /mnt/d/pintechs/slips-data-import/slips_data_svc.py:33]
2024-10-22 16:10:59,857 INFO: Processing folder ['10.22'] in /home/slips/data/config/history/s1_plan_history [in /mnt/d/pintechs/slips-data-import/slips_data_svc.py:78]
2024-10-22 16:10:59,865 INFO: Processing folder [] in /home/slips/data/config/history/s1_plan_history/10.22 [in /mnt/d/pintechs/slips-data-import/slips_data_svc.py:78]
2024-10-22 16:12:01,282 INFO: Processing folder ['10.22'] in /home/slips/data/config/history/s1_plan_history [in /mnt/d/pintechs/slips-data-import/slips_data_svc.py:78]
2024-10-22 16:12:01,289 INFO: Processing folder [] in /home/slips/data/config/history/s1_plan_history/10.22 [in /mnt/d/pintechs/slips-data-import/slips_data_svc.py:78]
2024-10-22 16:12:20,787 INFO: Processing folder ['10.22'] in /home/slips/data/config/history/s1_plan_history [in /mnt/d/pintechs/slips-data-import/slips_data_svc.py:78]
2024-10-22 16:12:20,793 INFO: Processing folder [] in /home/slips/data/config/history/s1_plan_history/10.22 [in /mnt/d/pintechs/slips-data-import/slips_data_svc.py:78]
2024-10-22 16:15:48,997 INFO: Application startup [in /mnt/d/pintechs/slips-data-import/slips_data_svc.py:33]
2024-10-22 16:15:49,718 INFO: Application startup [in /mnt/d/pintechs/slips-data-import/slips_data_svc.py:33]
2024-10-22 16:16:00,693 INFO: Processing folder ['10.22'] in /home/slips/data/config/history/s1_plan_history [in /mnt/d/pintechs/slips-data-import/slips_data_svc.py:84]
2024-10-22 16:16:00,700 INFO: Processing folder [] in /home/slips/data/config/history/s1_plan_history/10.22 [in /mnt/d/pintechs/slips-data-import/slips_data_svc.py:84]
2024-10-22 16:16:00,706 INFO: File 10.22.zip uploaded and data imported successfully [in /mnt/d/pintechs/slips-data-import/slips_data_svc.py:61]
2024-10-22 17:10:50,434 INFO: Application startup [in /mnt/d/pintechs/slips-data-import/slips_data_svc.py:33]
2024-10-22 17:10:51,186 INFO: Application startup [in /mnt/d/pintechs/slips-data-import/slips_data_svc.py:33]
2024-10-22 17:11:06,813 INFO: Processing folder ['10.22'] in /home/slips/data/config/history/s1_plan [in /mnt/d/pintechs/slips-data-import/slips_data_svc.py:84]
2024-10-22 17:11:06,822 INFO: Processing folder [] in /home/slips/data/config/history/s1_plan/10.22 [in /mnt/d/pintechs/slips-data-import/slips_data_svc.py:84]
2024-10-22 17:11:06,829 INFO: File 10.22.zip uploaded and data imported successfully [in /mnt/d/pintechs/slips-data-import/slips_data_svc.py:61]
2024-10-25 09:42:42,482 INFO: Processing folder ['202408151823', '202408190915'] in /home/slips/data/config/history/s1_plan [in /mnt/d/pintechs/slips-data-import/slips_data_svc.py:84]
2024-10-25 09:42:42,508 INFO: Processing folder [] in /home/slips/data/config/history/s1_plan/202408151823 [in /mnt/d/pintechs/slips-data-import/slips_data_svc.py:84]
2024-10-25 09:42:42,513 INFO: Processing folder [] in /home/slips/data/config/history/s1_plan/202408190915 [in /mnt/d/pintechs/slips-data-import/slips_data_svc.py:84]
2024-10-25 09:42:42,518 INFO: File 202408190915.zip uploaded and data imported successfully [in /mnt/d/pintechs/slips-data-import/slips_data_svc.py:61]
2024-10-30 16:41:23,549 INFO: Application startup [in /mnt/d/pintechs/slips-data-import/slips_data_svc.py:40]
2024-10-30 16:41:24,885 INFO: Application startup [in /mnt/d/pintechs/slips-data-import/slips_data_svc.py:40]
2024-10-30 16:59:22,198 INFO: Application startup [in /mnt/d/pintechs/slips-data-import/slips_data_svc.py:40]
2024-10-30 16:59:23,085 INFO: Application startup [in /mnt/d/pintechs/slips-data-import/slips_data_svc.py:40]
2024-10-30 16:59:54,519 INFO: Processing folder D1─┌░σ in /home/slips/data/config/history/d1_plan/push [in /mnt/d/pintechs/slips-data-import/slips_data_svc.py:267]
2024-10-30 16:59:54,526 INFO: Processing folder D1═Γ░σ in /home/slips/data/config/history/d1_plan/push [in /mnt/d/pintechs/slips-data-import/slips_data_svc.py:267]
2024-10-30 16:59:54,532 INFO: File D1.zip uploaded and data imported successfully [in /mnt/d/pintechs/slips-data-import/slips_data_svc.py:241]
2024-10-30 17:05:40,921 INFO: Application startup [in /mnt/d/pintechs/slips-data-import/slips_data_svc.py:40]
2024-10-30 17:05:41,751 INFO: Application startup [in /mnt/d/pintechs/slips-data-import/slips_data_svc.py:40]
2024-11-01 10:01:49,166 INFO: Application startup [in /mnt/d/pintechs/slips-data-import/slips_data_svc.py:40]
2024-11-01 10:01:50,302 INFO: Application startup [in /mnt/d/pintechs/slips-data-import/slips_data_svc.py:40]
